<?xml version="1.0" encoding="UTF-8"?>
<testng-results ignored="0" total="1" passed="1" failed="0" skipped="0">
  <reporter-output>
  </reporter-output>
  <suite started-at="2025-07-23T20:33:38 IST" name="Suite" finished-at="2025-07-23T20:34:17 IST" duration-ms="39139">
    <groups>
    </groups>
    <test started-at="2025-07-23T20:33:38 IST" name="Test" finished-at="2025-07-23T20:34:17 IST" duration-ms="39139">
      <class name="TestCases.LoginTNG">
        <test-method is-config="true" signature="setup()[pri:0, instance:TestCases.LoginTNG@cb0755b]" started-at="2025-07-23T20:33:38 IST" name="setup" finished-at="2025-07-23T20:34:06 IST" duration-ms="28039" status="PASS">
          <reporter-output>
          </reporter-output>
        </test-method> <!-- setup -->
        <test-method signature="Successful_Login_TNG()[pri:0, instance:TestCases.LoginTNG@cb0755b]" started-at="2025-07-23T20:34:06 IST" name="Successful_Login_TNG" finished-at="2025-07-23T20:34:14 IST" duration-ms="8062" status="PASS">
          <reporter-output>
          </reporter-output>
        </test-method> <!-- Successful_Login_TNG -->
        <test-method is-config="true" signature="teardown()[pri:0, instance:TestCases.LoginTNG@cb0755b]" started-at="2025-07-23T20:34:14 IST" name="teardown" finished-at="2025-07-23T20:34:17 IST" duration-ms="2897" status="PASS">
          <reporter-output>
          </reporter-output>
        </test-method> <!-- teardown -->
      </class> <!-- TestCases.LoginTNG -->
    </test> <!-- Test -->
  </suite> <!-- Suite -->
</testng-results>
