<?xml version="1.0" encoding="UTF-8"?>
<testng-results ignored="0" total="1" passed="1" failed="0" skipped="0">
  <reporter-output>
  </reporter-output>
  <suite started-at="2025-07-25T15:40:17 IST" name="Default suite" finished-at="2025-07-25T15:40:39 IST" duration-ms="21611">
    <groups>
    </groups>
    <test started-at="2025-07-25T15:40:17 IST" name="Default test" finished-at="2025-07-25T15:40:39 IST" duration-ms="21611">
      <class name="Practice1.Login">
        <test-method is-config="true" signature="setup()[pri:0, instance:Practice1.Login@cb0755b]" started-at="2025-07-25T15:40:17 IST" name="setup" finished-at="2025-07-25T15:40:24 IST" duration-ms="6874" status="PASS">
          <reporter-output>
          </reporter-output>
        </test-method> <!-- setup -->
        <test-method signature="Successful_Login()[pri:0, instance:Practice1.Login@cb0755b]" started-at="2025-07-25T15:40:24 IST" name="Successful_Login" finished-at="2025-07-25T15:40:36 IST" duration-ms="12216" status="PASS">
          <reporter-output>
          </reporter-output>
        </test-method> <!-- Successful_Login -->
        <test-method is-config="true" signature="teardown()[pri:0, instance:Practice1.Login@cb0755b]" started-at="2025-07-25T15:40:36 IST" name="teardown" finished-at="2025-07-25T15:40:39 IST" duration-ms="2439" status="PASS">
          <reporter-output>
          </reporter-output>
        </test-method> <!-- teardown -->
      </class> <!-- Practice1.Login -->
    </test> <!-- Default test -->
  </suite> <!-- Default suite -->
</testng-results>
